<?xml version="1.0" encoding="UTF-8"?>
<!-- Generated by org.testng.reporters.JUnitReportReporter -->
<testsuite hostname="DESKTOP-RMSCL2B" failures="0" tests="1" name="mavenparametertest.mavenparaTest" time="0.012" errors="0" timestamp="2022-03-16T15:21:12 IST" skipped="0">
  <testcase classname="mavenparametertest.mavenparaTest" name="ReadData" time="0.012"/>
  <system-out/>
</testsuite> <!-- mavenparametertest.mavenparaTest -->
